2020-12-25 10:50:59,728 [main] INFO cucumberFramework - *******Launching Browser****************
2020-12-25 10:51:01,857 [main] INFO cucumberFramework - *******Launching URL****************
2020-12-25 10:51:05,375 [main] INFO cucumberFramework - *******entering username and password****************
2020-12-25 10:51:12,449 [main] INFO cucumberFramework - *******clicking on login button****************
2020-12-25 10:51:43,871 [main] INFO cucumberFramework - *******Launching Browser****************
2020-12-25 10:51:45,909 [main] INFO cucumberFramework - *******Launching URL****************
2020-12-25 10:51:48,256 [main] INFO cucumberFramework - *******entering username and password****************
2020-12-25 10:51:55,518 [main] INFO cucumberFramework - *******clicking on login button****************
2020-12-25 16:26:56,347 [main] INFO cucumberFramework - *********Launchig Browser**************
2020-12-25 16:26:58,773 [main] INFO cucumberFramework - *******Launching URL****************
2020-12-25 16:27:01,328 [main] INFO cucumberFramework - *******entering username and password****************
2020-12-25 16:27:07,892 [main] INFO cucumberFramework - *******clicking on login button	****************
2020-12-25 16:27:38,937 [main] INFO cucumberFramework - *********Launchig Browser**************
2020-12-25 16:27:40,998 [main] INFO cucumberFramework - *******Launching URL****************
2020-12-25 16:27:43,473 [main] INFO cucumberFramework - *******entering username and password****************
2020-12-25 16:27:50,133 [main] INFO cucumberFramework - *******clicking on login button	****************
2020-12-25 16:37:54,106 [main] INFO cucumberFramework - *********Launchig Browser**************
2020-12-25 16:37:56,362 [main] INFO cucumberFramework - *******Launching URL****************
2020-12-25 16:37:58,730 [main] INFO cucumberFramework - *******entering username and password****************
2020-12-25 16:38:02,481 [main] INFO cucumberFramework - *******clicking on login button	****************
2020-12-25 16:40:01,366 [main] INFO cucumberFramework - *********Launchig Browser**************
2020-12-25 16:40:03,616 [main] INFO cucumberFramework - *******Launching URL****************
2020-12-25 16:40:05,963 [main] INFO cucumberFramework - *******entering username and password****************
2020-12-25 16:40:11,611 [main] INFO cucumberFramework - *******clicking on login button	****************
2020-12-25 16:43:33,553 [main] INFO cucumberFramework - *********Launchig Browser**************
2020-12-25 16:43:35,724 [main] INFO cucumberFramework - *******Launching URL****************
2020-12-25 16:43:38,095 [main] INFO cucumberFramework - *******entering username and password****************
2020-12-25 16:43:42,770 [main] INFO cucumberFramework - *******clicking on login button	****************
2020-12-25 16:43:46,361 [main] INFO cucumberFramework - *******Launching URL****************
2020-12-25 16:43:46,662 [main] INFO cucumberFramework - *******entering username and password****************
2020-12-25 16:43:49,283 [main] INFO cucumberFramework - *******clicking on login button	****************
2020-12-25 16:44:57,622 [main] INFO cucumberFramework - *********Launchig Browser**************
2020-12-25 16:44:59,916 [main] INFO cucumberFramework - *******Launching URL****************
2020-12-25 16:45:02,417 [main] INFO cucumberFramework - *******entering username and password****************
2020-12-25 16:45:07,548 [main] INFO cucumberFramework - *******clicking on login button	****************
2020-12-25 16:45:11,070 [main] INFO cucumberFramework - *******Launching URL****************
2020-12-25 16:45:11,293 [main] INFO cucumberFramework - *******entering username and password****************
2020-12-25 16:45:13,430 [main] INFO cucumberFramework - *******clicking on login button	****************
2020-12-25 20:06:14,843 [main] INFO cucumberFramework - *********Launchig Browser**************
2020-12-25 20:06:17,661 [main] INFO cucumberFramework - *******Launching URL****************
2020-12-25 20:06:20,549 [main] INFO cucumberFramework - *******entering username and password****************
2020-12-25 20:06:29,382 [main] INFO cucumberFramework - *******clicking on login button	****************
2020-12-25 20:06:33,142 [main] INFO cucumberFramework - *******Launching URL****************
2020-12-25 20:06:33,610 [main] INFO cucumberFramework - *******entering username and password****************
2020-12-25 20:06:36,988 [main] INFO cucumberFramework - *******clicking on login button	****************
2020-12-25 20:10:32,397 [main] INFO cucumberFramework - *********Launchig Browser**************
2020-12-25 20:10:34,129 [main] INFO cucumberFramework - *******Launching URL****************
2020-12-25 20:10:36,783 [main] INFO cucumberFramework - *******entering username and password****************
2020-12-25 20:10:41,460 [main] INFO cucumberFramework - *******clicking on login button	****************
2020-12-25 20:10:45,052 [main] INFO cucumberFramework - *******Launching URL****************
2020-12-25 20:10:45,407 [main] INFO cucumberFramework - *******entering username and password****************
2020-12-25 20:10:48,108 [main] INFO cucumberFramework - *******clicking on login button	****************
2020-12-27 15:58:53,465 [main] INFO cucumberFramework - *********Launchig Browser**************
2020-12-27 15:58:58,632 [main] INFO cucumberFramework - *******Launching URL****************
2020-12-27 15:59:01,854 [main] INFO cucumberFramework - *******entering username and password****************
2020-12-27 15:59:12,305 [main] INFO cucumberFramework - *******clicking on login button	****************
2020-12-27 15:59:16,136 [main] INFO cucumberFramework - *******Launching URL****************
2020-12-27 15:59:16,822 [main] INFO cucumberFramework - *******entering username and password****************
2020-12-27 15:59:21,010 [main] INFO cucumberFramework - *******clicking on login button	****************
2020-12-27 16:01:52,246 [main] INFO cucumberFramework - *********Launchig Browser**************
2020-12-27 16:01:55,199 [main] INFO cucumberFramework - *******Launching URL****************
2020-12-27 16:01:57,826 [main] INFO cucumberFramework - *******entering username and password****************
2020-12-27 16:02:03,564 [main] INFO cucumberFramework - *******clicking on login button	****************
2020-12-27 16:02:07,362 [main] INFO cucumberFramework - *******Launching URL****************
2020-12-27 16:02:07,903 [main] INFO cucumberFramework - *******entering username and password****************
2020-12-27 16:02:10,803 [main] INFO cucumberFramework - *******clicking on login button	****************
